2019-08-25T14:45:36.540Z - info: Website generation started at 22:45:30
2019-08-25T14:45:39.026Z - info: Building assets...
2019-08-25T14:45:41.454Z - info: Assets built
2019-08-25T14:45:41.455Z - info: Generating pages...
2019-08-25T14:47:28.946Z - info: Pages built
2019-08-25T14:47:50.879Z - info: Website generation complete! Total build time: 140.864s
2019-08-25T14:47:51.254Z - info: Serving "C:\repos\nus-tic2002-2019\tic2002-website\_site" at http://127.0.0.1:8080
2019-08-25T14:47:51.254Z - info: Press CTRL+C to stop ...
2019-08-25T14:47:51.336Z - info: Site data built
2019-08-25T14:58:00.270Z - info: [22:58:00] Reload for file change: C:\repos\nus-tic2002-2019\tic2002-website\book\cppToJava\inheritance\interfaces\q-printPrintableItems.md
2019-08-25T14:58:00.279Z - info: [22:58:00] Reload for file change: C:\repos\nus-tic2002-2019\tic2002-website\book\cppToJava\collections\arrayListClass\q-numbersList.md
2019-08-25T14:58:00.282Z - info: [22:58:00] Reload for file change: C:\repos\nus-tic2002-2019\tic2002-website\book\cppToJava\inheritance\basic\q-inheritTaskClass.md
2019-08-25T14:58:00.292Z - info: [22:58:00] Reload for file change: C:\repos\nus-tic2002-2019\tic2002-website\book\cppToJava\inheritance\objectClass\q-overrideToStringMethod.md
2019-08-25T14:58:00.298Z - info: [22:58:00] Reload for file change: C:\repos\nus-tic2002-2019\tic2002-website\book\cppToJava\collections\hashMapClass\q-weeklyRoster.md
2019-08-25T14:58:00.299Z - info: [22:58:00] Reload for file change: C:\repos\nus-tic2002-2019\tic2002-website\book\cppToJava\inheritance\polymorphism\q-printShapeArea.md
2019-08-25T14:58:00.312Z - info: [22:58:00] Reload for file change: C:\repos\nus-tic2002-2019\tic2002-website\book\cppToJava\misc\enums\q-showPriorityColor.md
2019-08-25T14:58:00.317Z - info: [22:58:00] Reload for file change: C:\repos\nus-tic2002-2019\tic2002-website\book\cppToJava\inheritance\abstractClassesAndMethods\q-printAreaWithAbstractShape.md
2019-08-25T14:58:00.322Z - info: [22:58:00] Reload for file change: C:\repos\nus-tic2002-2019\tic2002-website\book\cppToJava\exceptions\how\q-parseRectangleDescriptor.md
2019-08-25T14:58:01.275Z - info: Rebuilding affected source files
2019-08-25T14:58:01.291Z - info: Rebuilding 19 pages
2019-08-25T14:58:15.708Z - info: Pages rebuilt
2019-08-25T14:58:15.729Z - info: Site data built
2019-08-25T15:12:55.767Z - info: Website generation started at 23:12:50
2019-08-25T15:12:58.156Z - info: Building assets...
