2019-09-17T08:49:06.751Z - info: Website generation started at 4:49:04 PM
2019-09-17T08:49:08.920Z - info: Building assets...
2019-09-17T08:49:10.623Z - info: Assets built
2019-09-17T08:49:10.624Z - info: Generating pages...
2019-09-17T08:50:12.584Z - info: Pages built
2019-09-17T08:50:25.286Z - info: Website generation complete! Total build time: 80.436s
2019-09-17T08:50:25.642Z - info: Serving "C:\repos\nus-tic2002-2019\tic2002-website\_site" at http://127.0.0.1:8080
2019-09-17T08:50:25.643Z - info: Press CTRL+C to stop ...
2019-09-17T08:50:25.683Z - info: Site data built
2019-09-17T08:51:30.274Z - info: [4:51:30 PM] Reload for file change: C:\repos\nus-tic2002-2019\tic2002-website\schedule\week8\admin-tic2002.md
2019-09-17T08:51:30.277Z - info: [4:51:30 PM] Reload for file change: C:\repos\nus-tic2002-2019\tic2002-website\schedule\week7\admin-tic2002.md
2019-09-17T08:51:31.278Z - info: Rebuilding affected source files
2019-09-17T08:51:31.281Z - info: Rebuilding 5 pages
2019-09-17T08:51:33.603Z - info: Pages rebuilt
2019-09-17T08:51:33.624Z - info: Site data built
2019-09-17T08:52:26.874Z - info: Website generation started at 4:52:25 PM
2019-09-17T08:52:28.538Z - info: Building assets...
2019-09-17T08:52:30.066Z - info: Assets built
2019-09-17T08:52:30.066Z - info: Generating pages...
2019-09-17T08:53:30.140Z - info: Pages built
2019-09-17T08:53:42.802Z - info: Website generation complete! Total build time: 77.341s
2019-09-17T08:53:43.165Z - info: Serving "C:\repos\nus-tic2002-2019\tic2002-website\_site" at http://127.0.0.1:8080
2019-09-17T08:53:43.165Z - info: Press CTRL+C to stop ...
2019-09-17T08:53:43.200Z - info: Site data built
2019-09-17T08:55:32.731Z - info: [4:55:32 PM] Reload for file change: C:\repos\nus-tic2002-2019\tic2002-website\schedule\week8\admin-tic2002.md
2019-09-17T08:55:32.734Z - info: [4:55:32 PM] Reload for file change: C:\repos\nus-tic2002-2019\tic2002-website\schedule\week7\admin-tic2002.md
2019-09-17T08:55:33.733Z - info: Rebuilding affected source files
2019-09-17T08:55:33.736Z - info: Rebuilding 5 pages
2019-09-17T08:55:35.965Z - info: Pages rebuilt
2019-09-17T08:55:35.982Z - info: Site data built
2019-09-17T08:56:16.964Z - info: [4:56:16 PM] Reload for file change: C:\repos\nus-tic2002-2019\tic2002-website\schedule\week8\admin-tic2002.md
2019-09-17T08:56:16.971Z - info: [4:56:16 PM] Reload for file change: C:\repos\nus-tic2002-2019\tic2002-website\schedule\week7\admin-tic2002.md
2019-09-17T08:56:17.969Z - info: Rebuilding affected source files
2019-09-17T08:56:17.970Z - info: Rebuilding 5 pages
2019-09-17T08:56:20.224Z - info: Pages rebuilt
2019-09-17T08:56:20.252Z - info: Site data built
2019-09-17T08:59:39.305Z - info: Website generation started at 4:59:37 PM
2019-09-17T08:59:40.973Z - info: Building assets...
2019-09-17T08:59:42.548Z - info: Assets built
2019-09-17T08:59:42.549Z - info: Generating pages...
2019-09-17T09:00:47.644Z - info: Pages built
2019-09-17T09:01:01.280Z - info: Website generation complete! Total build time: 83.483s
2019-09-17T09:01:01.280Z - info: Build success!
2019-09-17T09:01:01.293Z - info: Site data built
2019-09-17T09:01:46.451Z - info: Deployed!
