2019-08-09T10:34:18.166Z - info: Website generation started at 6:34:16 PM
2019-08-09T10:34:19.608Z - info: Building assets...
2019-08-09T10:34:20.905Z - info: Assets built
2019-08-09T10:34:20.905Z - info: Generating pages...
2019-08-09T10:35:21.843Z - info: Pages built
2019-08-09T10:35:33.833Z - info: Website generation complete! Total build time: 77.077s
2019-08-09T10:35:34.164Z - info: Serving "C:\repos\nus-tic2002-2019\tic2002-website\_site" at http://127.0.0.1:8080
2019-08-09T10:35:34.164Z - info: Press CTRL+C to stop ...
2019-08-09T10:35:34.193Z - info: Site data built
2019-08-09T11:03:52.934Z - info: [7:03:52 PM] Reload for file change: C:\repos\nus-tic2002-2019\tic2002-website\_markbind\variables.md
2019-08-09T11:03:53.938Z - info: Rebuilding affected source files
2019-08-09T11:03:54.011Z - warn: Rebuilding all pages as variables file was changed, or the --force-reload flag was set
2019-08-09T11:03:54.129Z - info: Rebuilding 774 pages
2019-08-09T11:04:20.296Z - info: [7:04:20 PM] Reload for file change: C:\repos\nus-tic2002-2019\tic2002-website\_markbind\variables.md
2019-08-09T11:04:20.461Z - info: [7:04:20 PM] Reload for file change: C:\repos\nus-tic2002-2019\tic2002-website\_markbind\variables.md
2019-08-09T11:05:09.313Z - info: Pages rebuilt
2019-08-09T11:05:09.333Z - info: Site data built
2019-08-09T11:05:09.705Z - info: Rebuilding affected source files
2019-08-09T11:05:09.754Z - warn: Rebuilding all pages as variables file was changed, or the --force-reload flag was set
2019-08-09T11:05:09.846Z - info: Rebuilding 774 pages
2019-08-09T11:06:07.015Z - info: [7:06:07 PM] Reload for file change: C:\repos\nus-tic2002-2019\tic2002-website\_markbind\variables.md
2019-08-09T11:06:24.317Z - info: Pages rebuilt
2019-08-09T11:06:24.343Z - info: Site data built
2019-08-09T11:06:24.684Z - info: Rebuilding affected source files
2019-08-09T11:06:24.726Z - warn: Rebuilding all pages as variables file was changed, or the --force-reload flag was set
2019-08-09T11:06:24.802Z - info: Rebuilding 774 pages
2019-08-09T11:07:41.117Z - info: Pages rebuilt
2019-08-09T11:07:41.138Z - info: Site data built
2019-08-09T11:12:33.675Z - info: [7:12:33 PM] Reload for file change: C:\repos\nus-tic2002-2019\tic2002-website\admin\index-tic2002.md
2019-08-09T11:12:34.677Z - info: Rebuilding affected source files
2019-08-09T11:12:34.678Z - info: Rebuilding 2 pages
2019-08-09T11:12:35.470Z - info: Pages rebuilt
2019-08-09T11:12:35.485Z - info: Site data built
2019-08-09T11:13:20.970Z - info: [7:13:20 PM] Reload for file change: C:\repos\nus-tic2002-2019\tic2002-website\admin\index-tic2002.md
2019-08-09T11:13:21.970Z - info: Rebuilding affected source files
2019-08-09T11:13:21.971Z - info: Rebuilding 2 pages
2019-08-09T11:13:22.645Z - info: Pages rebuilt
2019-08-09T11:13:22.657Z - info: Site data built
2019-08-09T11:15:12.170Z - info: [7:15:12 PM] Reload for file change: C:\repos\nus-tic2002-2019\tic2002-website\admin\index-tic2002.md
2019-08-09T11:15:13.170Z - info: Rebuilding affected source files
2019-08-09T11:15:13.171Z - info: Rebuilding 2 pages
2019-08-09T11:15:13.831Z - info: Pages rebuilt
2019-08-09T11:15:13.844Z - info: Site data built
2019-08-09T11:29:56.452Z - info: [7:29:56 PM] Reload for file change: C:\repos\nus-tic2002-2019\tic2002-website\admin\index-tic2002.md
2019-08-09T11:29:57.453Z - info: Rebuilding affected source files
2019-08-09T11:29:57.455Z - info: Rebuilding 2 pages
2019-08-09T11:29:58.322Z - info: Pages rebuilt
2019-08-09T11:29:58.336Z - info: Site data built
2019-08-09T11:30:11.975Z - info: [7:30:11 PM] Reload for file change: C:\repos\nus-tic2002-2019\tic2002-website\admin\index-tic2002.md
2019-08-09T11:30:12.975Z - info: Rebuilding affected source files
2019-08-09T11:30:12.977Z - info: Rebuilding 2 pages
2019-08-09T11:30:13.693Z - info: Pages rebuilt
2019-08-09T11:30:13.705Z - info: Site data built
2019-08-09T11:30:27.426Z - info: [7:30:27 PM] Reload for file change: C:\repos\nus-tic2002-2019\tic2002-website\admin\index-tic2002.md
2019-08-09T11:30:28.427Z - info: Rebuilding affected source files
2019-08-09T11:30:28.429Z - info: Rebuilding 2 pages
2019-08-09T11:30:29.206Z - info: Pages rebuilt
2019-08-09T11:30:29.217Z - info: Site data built
2019-08-09T11:32:10.206Z - info: [7:32:10 PM] Reload for file change: C:\repos\nus-tic2002-2019\tic2002-website\admin\index-tic2002.md
2019-08-09T11:32:11.207Z - info: Rebuilding affected source files
2019-08-09T11:32:11.208Z - info: Rebuilding 2 pages
2019-08-09T11:32:11.931Z - info: Pages rebuilt
2019-08-09T11:32:11.941Z - info: Site data built
2019-08-09T11:33:41.716Z - info: [7:33:41 PM] Reload for file change: C:\repos\nus-tic2002-2019\tic2002-website\admin\index-tic2002.md
2019-08-09T11:33:42.717Z - info: Rebuilding affected source files
2019-08-09T11:33:42.718Z - info: Rebuilding 2 pages
2019-08-09T11:33:43.401Z - info: Pages rebuilt
2019-08-09T11:33:43.413Z - info: Site data built
2019-08-09T11:36:45.725Z - info: [7:36:45 PM] Reload for file change: C:\repos\nus-tic2002-2019\tic2002-website\admin\index-tic2002.md
2019-08-09T11:36:46.728Z - info: Rebuilding affected source files
2019-08-09T11:36:46.730Z - info: Rebuilding 2 pages
2019-08-09T11:36:47.475Z - info: Pages rebuilt
2019-08-09T11:36:47.487Z - info: Site data built
2019-08-09T11:39:13.062Z - info: [7:39:13 PM] Reload for file change: C:\repos\nus-tic2002-2019\tic2002-website\admin\index-tic2002.md
2019-08-09T11:39:14.064Z - info: Rebuilding affected source files
2019-08-09T11:39:14.065Z - info: Rebuilding 2 pages
2019-08-09T11:39:14.682Z - info: Pages rebuilt
2019-08-09T11:39:14.695Z - info: Site data built
2019-08-09T11:39:32.044Z - info: [7:39:32 PM] Reload for file change: C:\repos\nus-tic2002-2019\tic2002-website\admin\exams.md
2019-08-09T11:39:33.046Z - info: Rebuilding affected source files
2019-08-09T11:39:33.052Z - info: Rebuilding 6 pages
2019-08-09T11:39:35.668Z - info: Pages rebuilt
2019-08-09T11:39:35.681Z - info: Site data built
2019-08-09T11:47:53.270Z - info: [7:47:53 PM] Reload for file change: C:\repos\nus-tic2002-2019\tic2002-website\admin\index-tic2002.md
2019-08-09T11:47:54.272Z - info: Rebuilding affected source files
2019-08-09T11:47:54.273Z - info: Rebuilding 2 pages
2019-08-09T11:47:55.045Z - info: Pages rebuilt
2019-08-09T11:47:55.059Z - info: Site data built
2019-08-09T11:59:51.268Z - info: [7:59:51 PM] Reload for file change: C:\repos\nus-tic2002-2019\tic2002-website\schedule\week1\notices-tic2002.md
2019-08-09T11:59:52.268Z - info: Rebuilding affected source files
2019-08-09T11:59:52.269Z - info: Rebuilding 3 pages
2019-08-09T11:59:52.952Z - info: Pages rebuilt
2019-08-09T11:59:52.963Z - info: Site data built
2019-08-09T12:03:34.560Z - info: [8:03:34 PM] Reload for file change: C:\repos\nus-tic2002-2019\tic2002-website\schedule\timeline.md
2019-08-09T12:03:35.563Z - info: Rebuilding affected source files
2019-08-09T12:03:35.565Z - info: Rebuilding 1 pages
2019-08-09T12:03:35.966Z - info: Pages rebuilt
2019-08-09T12:03:35.978Z - info: Site data built
2019-08-09T12:06:26.411Z - info: [8:06:26 PM] Reload for file change: C:\repos\nus-tic2002-2019\tic2002-website\schedule\index.md
2019-08-09T12:06:27.412Z - info: Rebuilding affected source files
2019-08-09T12:06:27.413Z - info: Rebuilding 2 pages
2019-08-09T12:06:27.448Z - error:  Template render error: (C:\repos\nus-tic2002-2019\tic2002-website\schedule\index.md) [Line 392, Column 21]
  parseAggregate: expected comma after expression
Error while preprocessing 'C:\repos\nus-tic2002-2019\tic2002-website\index.md'
    at Object._prettifyError (C:\Users\dcsdcr\AppData\Roaming\npm\node_modules\markbind-cli\node_modules\nunjucks\src\lib.js:36:11)
    at Template.render (C:\Users\dcsdcr\AppData\Roaming\npm\node_modules\markbind-cli\node_modules\nunjucks\src\environment.js:542:21)
    at Environment.renderString (C:\Users\dcsdcr\AppData\Roaming\npm\node_modules\markbind-cli\node_modules\nunjucks\src\environment.js:380:17)
    at Object.renderString (C:\Users\dcsdcr\AppData\Roaming\npm\node_modules\markbind-cli\node_modules\nunjucks\index.js:99:14)
    at Parser._preprocess (C:\Users\dcsdcr\AppData\Roaming\npm\node_modules\markbind-cli\src\lib\markbind\src\parser.js:297:28)
    at element.children.element.children.map.e (C:\Users\dcsdcr\AppData\Roaming\npm\node_modules\markbind-cli\src\lib\markbind\src\parser.js:399:57)
    at Array.map (<anonymous>)
    at Parser._preprocess (C:\Users\dcsdcr\AppData\Roaming\npm\node_modules\markbind-cli\src\lib\markbind\src\parser.js:399:43)
    at dom.map (C:\Users\dcsdcr\AppData\Roaming\npm\node_modules\markbind-cli\src\lib\markbind\src\parser.js:567:28)
    at Array.map (<anonymous>)
    at DomHandler.htmlparser.DomHandler [as _callback] (C:\Users\dcsdcr\AppData\Roaming\npm\node_modules\markbind-cli\src\lib\markbind\src\parser.js:564:25)
    at DomHandler._handleCallback.DomHandler.onerror (C:\Users\dcsdcr\AppData\Roaming\npm\node_modules\markbind-cli\node_modules\domhandler\index.js:52:8)
    at DomHandler.onend (C:\Users\dcsdcr\AppData\Roaming\npm\node_modules\markbind-cli\node_modules\domhandler\index.js:46:7)
    at Parser.onend (C:\Users\dcsdcr\AppData\Roaming\npm\node_modules\markbind-cli\node_modules\htmlparser2\lib\Parser.js:310:32)
    at Tokenizer._finish (C:\Users\dcsdcr\AppData\Roaming\npm\node_modules\markbind-cli\node_modules\htmlparser2\lib\Tokenizer.js:853:12)
    at Tokenizer.end (C:\Users\dcsdcr\AppData\Roaming\npm\node_modules\markbind-cli\node_modules\htmlparser2\lib\Tokenizer.js:844:25)
2019-08-09T12:06:27.494Z - error: uncaughtException: (C:\repos\nus-tic2002-2019\tic2002-website\schedule\index.md) [Line 392, Column 21]
  parseAggregate: expected comma after expression date=Fri Aug 09 2019 20:06:27 GMT+0800 (Singapore Standard Time), pid=23472, uid=null, gid=null, cwd=C:\repos\nus-tic2002-2019\tic2002-website, execPath=C:\Program Files\nodejs\node.exe, version=v10.14.2, argv=[C:\Program Files\nodejs\node.exe, C:\Users\dcsdcr\AppData\Roaming\npm\node_modules\markbind-cli\index.js, serve], rss=139071488, heapTotal=163008512, heapUsed=131686152, external=247116, loadavg=[0, 0, 0], uptime=196750
Template render error: (C:\repos\nus-tic2002-2019\tic2002-website\schedule\index.md) [Line 392, Column 21]
  parseAggregate: expected comma after expression
    at Object._prettifyError (C:\Users\dcsdcr\AppData\Roaming\npm\node_modules\markbind-cli\node_modules\nunjucks\src\lib.js:36:11)
    at Template.render (C:\Users\dcsdcr\AppData\Roaming\npm\node_modules\markbind-cli\node_modules\nunjucks\src\environment.js:542:21)
    at Environment.renderString (C:\Users\dcsdcr\AppData\Roaming\npm\node_modules\markbind-cli\node_modules\nunjucks\src\environment.js:380:17)
    at Object.renderString (C:\Users\dcsdcr\AppData\Roaming\npm\node_modules\markbind-cli\node_modules\nunjucks\index.js:99:14)
    at fs.readFile (C:\Users\dcsdcr\AppData\Roaming\npm\node_modules\markbind-cli\src\lib\markbind\src\parser.js:600:36)
    at FSReqWrap.readFileAfterClose [as oncomplete] (internal/fs/read_file_context.js:53:3)
2019-08-09T12:06:45.658Z - info: [8:06:45 PM] Reload for file change: C:\repos\nus-tic2002-2019\tic2002-website\schedule\index.md
2019-08-09T12:07:06.901Z - info: [8:07:06 PM] Reload for file change: C:\repos\nus-tic2002-2019\tic2002-website\schedule\index.md
2019-08-09T12:13:37.727Z - info: Website generation started at 8:13:36 PM
2019-08-09T12:13:39.101Z - info: Building assets...
2019-08-09T12:13:40.409Z - info: Assets built
2019-08-09T12:13:40.409Z - info: Generating pages...
2019-08-09T12:14:41.938Z - info: Pages built
2019-08-09T12:14:53.979Z - info: Website generation complete! Total build time: 77.555s
2019-08-09T12:14:54.315Z - info: Serving "C:\repos\nus-tic2002-2019\tic2002-website\_site" at http://127.0.0.1:8080
2019-08-09T12:14:54.315Z - info: Press CTRL+C to stop ...
2019-08-09T12:14:54.346Z - info: Site data built
2019-08-09T12:16:40.417Z - info: [8:16:40 PM] Reload for file change: C:\repos\nus-tic2002-2019\tic2002-website\schedule\index.md
2019-08-09T12:16:41.420Z - info: Rebuilding affected source files
2019-08-09T12:16:41.422Z - info: Rebuilding 2 pages
2019-08-09T12:16:41.985Z - info: Pages rebuilt
2019-08-09T12:16:41.994Z - info: Site data built
2019-08-09T12:17:49.597Z - info: Website generation started at 8:17:48 PM
2019-08-09T12:17:50.903Z - info: Building assets...
2019-08-09T12:17:52.131Z - info: Assets built
2019-08-09T12:17:52.132Z - info: Generating pages...
2019-08-09T12:18:49.104Z - info: Pages built
2019-08-09T12:19:01.404Z - info: Website generation complete! Total build time: 73.022s
2019-08-09T12:19:01.740Z - info: Serving "C:\repos\nus-tic2002-2019\tic2002-website\_site" at http://127.0.0.1:8080
2019-08-09T12:19:01.740Z - info: Press CTRL+C to stop ...
2019-08-09T12:19:01.763Z - info: Site data built
2019-08-09T12:19:49.169Z - info: [8:19:49 PM] Reload for file change: C:\repos\nus-tic2002-2019\tic2002-website\schedule\index.md
2019-08-09T12:19:50.171Z - info: Rebuilding affected source files
2019-08-09T12:19:50.172Z - info: Rebuilding 2 pages
2019-08-09T12:19:50.703Z - info: Pages rebuilt
2019-08-09T12:19:50.711Z - info: Site data built
2019-08-09T12:22:28.835Z - info: [8:22:28 PM] Reload for file change: C:\repos\nus-tic2002-2019\tic2002-website\site.json
2019-08-09T12:22:29.841Z - info: Assets built
2019-08-09T12:23:14.543Z - info: Website generation started at 8:23:13 PM
2019-08-09T12:23:15.873Z - info: Building assets...
2019-08-09T12:23:17.146Z - info: Assets built
2019-08-09T12:23:17.147Z - info: Generating pages...
2019-08-09T12:23:19.744Z - error: uncaughtException: Template render error: Template render error: Template render error: Template render error: Template render error: Template render error: Template render error: (C:\repos\nus-tic2002-2019\tic2002-website\schedule\week1\admin-tic2002.md)
  Error: Unable to call `show_admin_summary`, which is undefined or falsey date=Fri Aug 09 2019 20:23:19 GMT+0800 (Singapore Standard Time), pid=7380, uid=null, gid=null, cwd=C:\repos\nus-tic2002-2019\tic2002-website, execPath=C:\Program Files\nodejs\node.exe, version=v10.14.2, argv=[C:\Program Files\nodejs\node.exe, C:\Users\dcsdcr\AppData\Roaming\npm\node_modules\markbind-cli\index.js, serve], rss=165535744, heapTotal=142917632, heapUsed=64099808, external=755198, loadavg=[0, 0, 0], uptime=197763
Template render error: (C:\repos\nus-tic2002-2019\tic2002-website\schedule\week1\admin-tic2002.md)
  Error: Unable to call `show_admin_summary`, which is undefined or falsey
    at Object._prettifyError (C:\Users\dcsdcr\AppData\Roaming\npm\node_modules\markbind-cli\node_modules\nunjucks\src\lib.js:36:11)
    at C:\Users\dcsdcr\AppData\Roaming\npm\node_modules\markbind-cli\node_modules\nunjucks\src\environment.js:567:19
    at eval (eval at _compile (C:\Users\dcsdcr\AppData\Roaming\npm\node_modules\markbind-cli\node_modules\nunjucks\src\environment.js:637:18), <anonymous>:23:11)
    at C:\Users\dcsdcr\AppData\Roaming\npm\node_modules\markbind-cli\node_modules\nunjucks\src\environment.js:617:9
    at eval (eval at _compile (C:\Users\dcsdcr\AppData\Roaming\npm\node_modules\markbind-cli\node_modules\nunjucks\src\environment.js:637:18), <anonymous>:12:11)
    at C:\Users\dcsdcr\AppData\Roaming\npm\node_modules\markbind-cli\node_modules\nunjucks\src\environment.js:617:9
    at Template.root [as rootRenderFunc] (eval at _compile (C:\Users\dcsdcr\AppData\Roaming\npm\node_modules\markbind-cli\node_modules\nunjucks\src\environment.js:637:18), <anonymous>:249:3)
    at Template.getExported (C:\Users\dcsdcr\AppData\Roaming\npm\node_modules\markbind-cli\node_modules\nunjucks\src\environment.js:615:10)
    at eval (eval at _compile (C:\Users\dcsdcr\AppData\Roaming\npm\node_modules\markbind-cli\node_modules\nunjucks\src\environment.js:637:18), <anonymous>:11:5)
    at Environment.getTemplate (C:\Users\dcsdcr\AppData\Roaming\npm\node_modules\markbind-cli\node_modules\nunjucks\src\environment.js:279:9)
    at Template.root [as rootRenderFunc] (eval at _compile (C:\Users\dcsdcr\AppData\Roaming\npm\node_modules\markbind-cli\node_modules\nunjucks\src\environment.js:637:18), <anonymous>:9:5)
    at Template.getExported (C:\Users\dcsdcr\AppData\Roaming\npm\node_modules\markbind-cli\node_modules\nunjucks\src\environment.js:615:10)
    at eval (eval at _compile (C:\Users\dcsdcr\AppData\Roaming\npm\node_modules\markbind-cli\node_modules\nunjucks\src\environment.js:637:18), <anonymous>:22:5)
    at Environment.getTemplate (C:\Users\dcsdcr\AppData\Roaming\npm\node_modules\markbind-cli\node_modules\nunjucks\src\environment.js:279:9)
    at eval (eval at _compile (C:\Users\dcsdcr\AppData\Roaming\npm\node_modules\markbind-cli\node_modules\nunjucks\src\environment.js:637:18), <anonymous>:20:5)
    at C:\Users\dcsdcr\AppData\Roaming\npm\node_modules\markbind-cli\node_modules\nunjucks\src\environment.js:619:9
2019-08-09T12:25:25.284Z - info: Website generation started at 8:25:23 PM
2019-08-09T12:25:26.601Z - info: Building assets...
2019-08-09T12:25:27.934Z - info: Assets built
2019-08-09T12:25:27.935Z - info: Generating pages...
2019-08-09T12:26:23.310Z - info: Pages built
2019-08-09T12:26:34.723Z - info: Website generation complete! Total build time: 71.626s
2019-08-09T12:26:35.065Z - info: Serving "C:\repos\nus-tic2002-2019\tic2002-website\_site" at http://127.0.0.1:8080
2019-08-09T12:26:35.065Z - info: Press CTRL+C to stop ...
2019-08-09T12:26:35.101Z - info: Site data built
2019-08-09T12:27:32.249Z - info: [8:27:32 PM] Reload for file add: C:\repos\nus-tic2002-2019\tic2002-website\schedule\week2\admin-tic2002.md
2019-08-09T12:27:33.250Z - warn: Rebuilding all source files
2019-08-09T12:27:34.829Z - info: Assets removed
2019-08-09T12:27:34.830Z - info: Generating pages...
2019-08-09T12:28:13.656Z - info: [8:28:13 PM] Reload for file add: C:\repos\nus-tic2002-2019\tic2002-website\schedule\week3\admin-tic2002.md
2019-08-09T12:28:16.315Z - info: [8:28:16 PM] Reload for file add: C:\repos\nus-tic2002-2019\tic2002-website\schedule\week4\admin-tic2002.md
2019-08-09T12:28:30.620Z - info: [8:28:30 PM] Reload for file add: C:\repos\nus-tic2002-2019\tic2002-website\schedule\week5\admin-tic2002.md
2019-08-09T12:28:32.623Z - info: [8:28:32 PM] Reload for file add: C:\repos\nus-tic2002-2019\tic2002-website\schedule\week6\admin-tic2002.md
2019-08-09T12:28:33.916Z - info: [8:28:33 PM] Reload for file add: C:\repos\nus-tic2002-2019\tic2002-website\schedule\week7\admin-tic2002.md
2019-08-09T12:28:38.283Z - info: [8:28:38 PM] Reload for file add: C:\repos\nus-tic2002-2019\tic2002-website\schedule\week8\admin-tic2002.md
2019-08-09T12:28:38.657Z - info: Pages built
2019-08-09T12:28:38.658Z - warn: Rebuilding all source files
2019-08-09T12:28:40.220Z - info: Assets removed
2019-08-09T12:28:40.220Z - info: Generating pages...
2019-08-09T12:29:18.536Z - info: [8:29:18 PM] Reload for file add: C:\repos\nus-tic2002-2019\tic2002-website\schedule\week9\admin-tic2002.md
2019-08-09T12:29:18.552Z - info: [8:29:18 PM] Reload for file add: C:\repos\nus-tic2002-2019\tic2002-website\schedule\week10\admin-tic2002.md
2019-08-09T12:29:18.608Z - info: [8:29:18 PM] Reload for file add: C:\repos\nus-tic2002-2019\tic2002-website\schedule\week11\admin-tic2002.md
2019-08-09T12:29:35.057Z - info: [8:29:35 PM] Reload for file change: C:\repos\nus-tic2002-2019\tic2002-website\schedule\week5\admin-tic2002.md
2019-08-09T12:29:35.058Z - info: [8:29:35 PM] Reload for file change: C:\repos\nus-tic2002-2019\tic2002-website\schedule\week4\admin-tic2002.md
2019-08-09T12:29:35.058Z - info: [8:29:35 PM] Reload for file change: C:\repos\nus-tic2002-2019\tic2002-website\schedule\week11\admin-tic2002.md
2019-08-09T12:29:35.058Z - info: [8:29:35 PM] Reload for file change: C:\repos\nus-tic2002-2019\tic2002-website\schedule\week7\admin-tic2002.md
2019-08-09T12:29:35.058Z - info: [8:29:35 PM] Reload for file change: C:\repos\nus-tic2002-2019\tic2002-website\schedule\week3\admin-tic2002.md
2019-08-09T12:29:35.059Z - info: [8:29:35 PM] Reload for file change: C:\repos\nus-tic2002-2019\tic2002-website\schedule\week6\admin-tic2002.md
2019-08-09T12:29:35.059Z - info: [8:29:35 PM] Reload for file change: C:\repos\nus-tic2002-2019\tic2002-website\schedule\week8\admin-tic2002.md
2019-08-09T12:29:35.059Z - info: [8:29:35 PM] Reload for file change: C:\repos\nus-tic2002-2019\tic2002-website\schedule\week2\admin-tic2002.md
2019-08-09T12:29:35.059Z - info: [8:29:35 PM] Reload for file change: C:\repos\nus-tic2002-2019\tic2002-website\schedule\week10\admin-tic2002.md
2019-08-09T12:29:35.059Z - info: [8:29:35 PM] Reload for file change: C:\repos\nus-tic2002-2019\tic2002-website\schedule\week9\admin-tic2002.md
2019-08-09T12:29:36.085Z - info: [8:29:36 PM] Reload for file add: C:\repos\nus-tic2002-2019\tic2002-website\schedule\week12\admin-tic2002.md
2019-08-09T12:29:36.751Z - info: Rebuilding affected source files
2019-08-09T12:29:36.753Z - info: Rebuilding 7 pages
2019-08-09T12:29:37.480Z - info: [8:29:37 PM] Reload for file add: C:\repos\nus-tic2002-2019\tic2002-website\schedule\week13\admin-tic2002.md
2019-08-09T12:29:41.795Z - info: Pages rebuilt
2019-08-09T12:29:41.839Z - info: Site data built
2019-08-09T12:29:43.263Z - info: Pages built
2019-08-09T12:29:43.264Z - warn: Rebuilding all source files
2019-08-09T12:29:44.839Z - info: Assets removed
2019-08-09T12:29:44.840Z - info: Generating pages...
2019-08-09T12:30:47.346Z - info: Pages built
