2019-09-11T14:20:55.715Z - info: Website generation started at 22:20:49
2019-09-11T14:20:59.395Z - info: Building assets...
2019-09-11T14:21:01.874Z - info: Assets built
2019-09-11T14:21:01.874Z - info: Generating pages...
2019-09-11T14:23:20.791Z - info: Pages built
2019-09-11T14:23:45.286Z - info: Website generation complete! Total build time: 176.205s
2019-09-11T14:23:45.678Z - info: Serving "C:\repos\nus-tic2002-2019\tic2002-website\_site" at http://127.0.0.1:8080
2019-09-11T14:23:45.678Z - info: Press CTRL+C to stop ...
2019-09-11T14:23:45.700Z - info: Site data built
2019-09-11T14:24:06.665Z - info: [22:24:06] Reload for file change: C:\repos\nus-tic2002-2019\tic2002-website\schedule\week4\admin-tic2002.md
2019-09-11T14:24:07.685Z - info: Rebuilding affected source files
2019-09-11T14:24:07.687Z - info: Rebuilding 3 pages
2019-09-11T14:24:11.130Z - info: Pages rebuilt
2019-09-11T14:24:11.142Z - info: Site data built
2019-09-11T14:25:11.426Z - info: [22:25:11] Reload for file change: C:\repos\nus-tic2002-2019\tic2002-website\schedule\week4\admin-tic2002.md
2019-09-11T14:25:12.442Z - info: Rebuilding affected source files
2019-09-11T14:25:12.449Z - info: Rebuilding 3 pages
2019-09-11T14:25:15.938Z - info: Pages rebuilt
2019-09-11T14:25:15.948Z - info: Site data built
2019-09-11T14:27:03.663Z - info: [22:27:03] Reload for file change: C:\repos\nus-tic2002-2019\tic2002-website\schedule\week4\admin-tic2002.md
2019-09-11T14:27:04.673Z - info: Rebuilding affected source files
2019-09-11T14:27:04.673Z - info: Rebuilding 3 pages
2019-09-11T14:27:07.699Z - info: Pages rebuilt
2019-09-11T14:27:07.709Z - info: Site data built
2019-09-11T14:27:32.751Z - info: [22:27:32] Reload for file change: C:\repos\nus-tic2002-2019\tic2002-website\schedule\week4\admin-tic2002.md
2019-09-11T14:27:33.814Z - info: Rebuilding affected source files
2019-09-11T14:27:33.814Z - info: Rebuilding 3 pages
2019-09-11T14:27:36.812Z - info: Pages rebuilt
2019-09-11T14:27:36.834Z - info: Site data built
2019-09-11T14:29:20.478Z - info: [22:29:20] Reload for file change: C:\repos\nus-tic2002-2019\tic2002-website\schedule\week4\admin-tic2002.md
2019-09-11T14:29:21.501Z - info: Rebuilding affected source files
2019-09-11T14:29:21.501Z - info: Rebuilding 3 pages
2019-09-11T14:29:24.628Z - info: Pages rebuilt
2019-09-11T14:29:24.642Z - info: Site data built
2019-09-11T14:30:37.741Z - info: Website generation started at 22:30:32
2019-09-11T14:30:40.160Z - info: Building assets...
