2019-07-18T06:01:18.558Z - info: Website generation started at 2:01:17 PM
2019-07-18T06:01:19.756Z - info: Building assets...
2019-07-18T06:01:20.855Z - info: Assets built
2019-07-18T06:01:20.856Z - info: Generating pages...
2019-07-18T06:02:24.010Z - info: Pages built
2019-07-18T06:02:37.276Z - info: Website generation complete! Total build time: 80.052s
2019-07-18T06:02:37.617Z - info: Serving "C:\repos\nus-tic2002-2019\tic2002-website\_site" at http://127.0.0.1:8080
2019-07-18T06:02:37.617Z - info: Press CTRL+C to stop ...
2019-07-18T06:02:37.648Z - info: Site data built
2019-07-18T06:34:36.676Z - info: Website generation started at 2:34:35 PM
2019-07-18T06:34:37.950Z - info: Building assets...
2019-07-18T06:34:39.145Z - info: Assets built
2019-07-18T06:34:39.146Z - info: Generating pages...
2019-07-18T06:35:48.630Z - info: Pages built
2019-07-18T06:36:03.739Z - info: Website generation complete! Total build time: 88.355s
2019-07-18T06:36:04.108Z - info: Serving "C:\repos\nus-tic2002-2019\tic2002-website\_site" at http://127.0.0.1:8080
2019-07-18T06:36:04.108Z - info: Press CTRL+C to stop ...
2019-07-18T06:36:04.143Z - info: Site data built
2019-07-18T06:37:23.640Z - info: [2:37:23 PM] Reload for file change: C:\repos\nus-tic2002-2019\tic2002-website\admin\project-w04-mid-v10.md
2019-07-18T06:37:23.649Z - info: [2:37:23 PM] Reload for file change: C:\repos\nus-tic2002-2019\tic2002-website\book\oop\objects\abstraction\text.md
2019-07-18T06:37:23.651Z - info: [2:37:23 PM] Reload for file change: C:\repos\nus-tic2002-2019\tic2002-website\book\testing\testAutomation\what\text.md
2019-07-18T06:37:23.657Z - info: [2:37:23 PM] Reload for file change: C:\repos\nus-tic2002-2019\tic2002-website\common\topics.njk
2019-07-18T06:37:23.659Z - info: [2:37:23 PM] Reload for file change: C:\repos\nus-tic2002-2019\tic2002-website\book\uml\classDiagrams\associations\roles\text.md
2019-07-18T06:37:23.665Z - info: [2:37:23 PM] Reload for file change: C:\repos\nus-tic2002-2019\tic2002-website\admin\peerEvaluations.md
2019-07-18T06:37:23.672Z - info: [2:37:23 PM] Reload for file change: C:\repos\nus-tic2002-2019\tic2002-website\book\codeQuality\maximiseReadability\basic\avoidMagicNumbers\example-java.md
2019-07-18T06:37:23.675Z - info: [2:37:23 PM] Reload for file change: C:\repos\nus-tic2002-2019\tic2002-website\book\modeling\modelingASolution\basic\text.md
2019-07-18T06:37:23.682Z - info: [2:37:23 PM] Reload for file change: C:\repos\nus-tic2002-2019\tic2002-website\admin\appendixE-gitHub.md
2019-07-18T06:37:23.689Z - info: [2:37:23 PM] Reload for file change: C:\repos\nus-tic2002-2019\tic2002-website\book\javaTools\streamsBasic\resources.md
2019-07-18T06:37:23.696Z - info: [2:37:23 PM] Reload for file change: C:\repos\nus-tic2002-2019\tic2002-website\book\requirements\introduction\text.md
2019-07-18T06:37:23.698Z - info: [2:37:23 PM] Reload for file change: C:\repos\nus-tic2002-2019\tic2002-website\book\cppToJava\objects\usingObjects\text.md
2019-07-18T06:37:23.708Z - info: [2:37:23 PM] Reload for file change: C:\repos\nus-tic2002-2019\tic2002-website\admin\project-w09-v12.md
2019-07-18T06:37:23.715Z - info: [2:37:23 PM] Reload for file change: C:\repos\nus-tic2002-2019\tic2002-website\book\refactoring\what\example-consolidate-java.md
2019-07-18T06:37:23.722Z - info: [2:37:23 PM] Reload for file change: C:\repos\nus-tic2002-2019\tic2002-website\admin\project-deliverables.md
2019-07-18T06:37:23.729Z - info: [2:37:23 PM] Reload for file change: C:\repos\nus-tic2002-2019\tic2002-website\common\admin.njk
2019-07-18T06:37:23.735Z - info: [2:37:23 PM] Reload for file change: C:\repos\nus-tic2002-2019\tic2002-website\book\cppToJava\gettingStarted\helloWorld\text.md
2019-07-18T06:37:23.741Z - info: [2:37:23 PM] Reload for file change: C:\repos\nus-tic2002-2019\tic2002-website\book\gatheringRequirements\interviews\text.md
2019-07-18T06:37:23.745Z - info: [2:37:23 PM] Reload for file change: C:\repos\nus-tic2002-2019\tic2002-website\book\gitAndGithub\checkout\text.md
2019-07-18T06:37:23.750Z - info: [2:37:23 PM] Reload for file change: C:\repos\nus-tic2002-2019\tic2002-website\book\codeQuality\maximiseReadability\introduction\example-python.md
2019-07-18T06:37:23.768Z - info: [2:37:23 PM] Reload for file change: C:\repos\nus-tic2002-2019\tic2002-website\book\modeling\modelingBehaviors\sequenceDiagramsBasic\q-essay-drawSequenceDiagramForPerson.md
2019-07-18T06:37:23.775Z - info: [2:37:23 PM] Reload for file change: C:\repos\nus-tic2002-2019\tic2002-website\book\testing\dependencyInjection\how\text.md
2019-07-18T06:37:23.779Z - info: [2:37:23 PM] Reload for file change: C:\repos\nus-tic2002-2019\tic2002-website\book\cppToJava\controlFlow\methods\text.md
2019-07-18T06:37:23.783Z - info: [2:37:23 PM] Reload for file change: C:\repos\nus-tic2002-2019\tic2002-website\book\specifyingRequirements\supplementaryRequirements\what\text.md
2019-07-18T06:37:23.787Z - info: [2:37:23 PM] Reload for file change: C:\repos\nus-tic2002-2019\tic2002-website\book\specifyingRequirements\userStories\usage\tools.md
2019-07-18T06:37:23.796Z - info: [2:37:23 PM] Reload for file change: C:\repos\nus-tic2002-2019\tic2002-website\book\testCaseDesign\equivalencePartitions\basic\text.md
2019-07-18T06:37:23.803Z - info: [2:37:23 PM] Reload for file change: C:\repos\nus-tic2002-2019\tic2002-website\book\modeling\modelingASolution\intermediate\text.md
2019-07-18T06:37:23.806Z - info: [2:37:23 PM] Reload for file change: C:\repos\nus-tic2002-2019\tic2002-website\book\principles\separationOfConcernsPrinciple\text.md
2019-07-18T06:37:23.815Z - info: [2:37:23 PM] Reload for file change: C:\repos\nus-tic2002-2019\tic2002-website\book\softwareEngineering\introduction\prosAndCons\text.md
2019-07-18T06:37:23.822Z - info: [2:37:23 PM] Reload for file change: C:\repos\nus-tic2002-2019\tic2002-website\book\integration\approaches\topDownVsBottomUp\text.md
2019-07-18T06:37:23.826Z - info: [2:37:23 PM] Reload for file change: C:\repos\nus-tic2002-2019\tic2002-website\admin\project-assessment.md
2019-07-18T06:37:23.833Z - info: [2:37:23 PM] Reload for file change: C:\repos\nus-tic2002-2019\tic2002-website\book\oop\inheritance\dynamicAndStaticBinding\text.md
2019-07-18T06:37:23.841Z - info: [2:37:23 PM] Reload for file change: C:\repos\nus-tic2002-2019\tic2002-website\admin\appendixD-help.md
2019-07-18T06:37:23.845Z - info: [2:37:23 PM] Reload for file change: C:\repos\nus-tic2002-2019\tic2002-website\book\oop\inheritance\abstractClasses\text.md
2019-07-18T06:37:23.850Z - info: [2:37:23 PM] Reload for file change: C:\repos\nus-tic2002-2019\tic2002-website\book\intellij\projectSetup\text.md
2019-07-18T06:37:23.853Z - info: [2:37:23 PM] Reload for file change: C:\repos\nus-tic2002-2019\tic2002-website\admin\policies.fr
2019-07-18T06:37:23.857Z - info: [2:37:23 PM] Reload for file change: C:\repos\nus-tic2002-2019\tic2002-website\admin\project-w11-v13.md
2019-07-18T06:37:23.861Z - info: [2:37:23 PM] Reload for file change: C:\repos\nus-tic2002-2019\tic2002-website\book\integration\approaches\lateVsEarly\text.md
2019-07-18T06:37:23.866Z - info: [2:37:23 PM] Reload for file change: C:\repos\nus-tic2002-2019\tic2002-website\book\gitAndGithub\managePRs\text.md
2019-07-18T06:37:23.869Z - info: [2:37:23 PM] Reload for file change: C:\repos\nus-tic2002-2019\tic2002-website\admin\project-w05-v10.md
2019-07-18T06:37:23.874Z - info: [2:37:23 PM] Reload for file change: C:\repos\nus-tic2002-2019\tic2002-website\common\macros.njk
2019-07-18T06:37:23.880Z - info: [2:37:23 PM] Reload for file change: C:\repos\nus-tic2002-2019\tic2002-website\book\cppToJava\project\taskManager\q-taskManagerLevel2.md
2019-07-18T06:37:23.884Z - info: [2:37:23 PM] Reload for file change: C:\repos\nus-tic2002-2019\tic2002-website\book\codeQuality\maximiseReadability\intermediate\slapHard\text.md
2019-07-18T06:37:23.888Z - info: [2:37:23 PM] Reload for file change: C:\repos\nus-tic2002-2019\tic2002-website\book\cppToJava\inheritance\interfaces\text.md
2019-07-18T06:37:23.891Z - info: [2:37:23 PM] Reload for file change: C:\repos\nus-tic2002-2019\tic2002-website\book\uml\classDiagrams\classes\what\text.md
2019-07-18T06:37:23.897Z - info: [2:37:23 PM] Reload for file change: C:\repos\nus-tic2002-2019\tic2002-website\admin\project-w06-mid-v11.md
2019-07-18T06:37:23.902Z - info: [2:37:23 PM] Reload for file change: C:\repos\nus-tic2002-2019\tic2002-website\book\oop\objects\what\q-essay-describeObjectInScenario.md
2019-07-18T06:37:23.908Z - info: [2:37:23 PM] Reload for file change: C:\repos\nus-tic2002-2019\tic2002-website\admin\project-w12-mid-v14.md
2019-07-18T06:37:23.915Z - info: [2:37:23 PM] Reload for file change: C:\repos\nus-tic2002-2019\tic2002-website\book\testing\dependencyInjection\what\text.md
2019-07-18T06:37:23.920Z - info: [2:37:23 PM] Reload for file change: C:\repos\nus-tic2002-2019\tic2002-website\book\oop\classes\what\q-essay-identifyClassesAndObjects.md
2019-07-18T06:37:23.923Z - info: [2:37:23 PM] Reload for file change: C:\repos\nus-tic2002-2019\tic2002-website\book\specifyingRequirements\userStories\usage\text.md
2019-07-18T06:37:23.930Z - info: [2:37:23 PM] Reload for file change: C:\repos\nus-tic2002-2019\tic2002-website\book\modeling\introduction\what\text.md
2019-07-18T06:37:23.936Z - info: [2:37:23 PM] Reload for file change: C:\repos\nus-tic2002-2019\tic2002-website\book\designApproaches\multilevelDesign\what\text.md
2019-07-18T06:37:23.939Z - info: [2:37:23 PM] Reload for file change: C:\repos\nus-tic2002-2019\tic2002-website\book\testCaseDesign\more\testingUseCases\text.md
2019-07-18T06:37:23.944Z - info: [2:37:23 PM] Reload for file change: C:\repos\nus-tic2002-2019\tic2002-website\book\revisionControl\what\text.md
2019-07-18T06:37:23.949Z - info: [2:37:23 PM] Reload for file change: C:\repos\nus-tic2002-2019\tic2002-website\book\codeQuality\maximiseReadability\basic\avoidMagicNumbers\example-python.md
2019-07-18T06:37:23.954Z - info: [2:37:23 PM] Reload for file change: C:\repos\nus-tic2002-2019\tic2002-website\book\gitAndGithub\stash\text.md
2019-07-18T06:37:23.958Z - info: [2:37:23 PM] Reload for file change: C:\repos\nus-tic2002-2019\tic2002-website\book\testCaseDesign\introduction\blackVsGlass\text.md
2019-07-18T06:37:23.964Z - info: [2:37:23 PM] Reload for file change: C:\repos\nus-tic2002-2019\tic2002-website\admin\project-w03-inception.md
2019-07-18T06:37:23.971Z - info: [2:37:23 PM] Reload for file change: C:\repos\nus-tic2002-2019\tic2002-website\book\about\usage.md
2019-07-18T06:37:23.977Z - info: [2:37:23 PM] Reload for file change: C:\repos\nus-tic2002-2019\tic2002-website\book\refactoring\what\example-consolidate-python.md
2019-07-18T06:37:23.981Z - info: [2:37:23 PM] Reload for file change: C:\repos\nus-tic2002-2019\tic2002-website\admin\project-w07-v11.md
2019-07-18T06:37:23.990Z - info: [2:37:23 PM] Reload for file change: C:\repos\nus-tic2002-2019\tic2002-website\book\architecture\architectureDiagrams\reading\text.md
2019-07-18T06:37:23.992Z - info: [2:37:23 PM] Reload for file change: C:\repos\nus-tic2002-2019\tic2002-website\book\gitAndGithub\createPRs\text.md
2019-07-18T06:37:23.997Z - info: [2:37:23 PM] Reload for file change: C:\repos\nus-tic2002-2019\tic2002-website\book\codeQuality\maximiseReadability\introduction\example-java.md
2019-07-18T06:37:24.001Z - info: [2:37:24 PM] Reload for file change: C:\repos\nus-tic2002-2019\tic2002-website\book\principles\liskovSubstitutionPrinciple\text.md
2019-07-18T06:37:24.007Z - info: [2:37:24 PM] Reload for file change: C:\repos\nus-tic2002-2019\tic2002-website\book\revisionControl\savingHistory\text.md
2019-07-18T06:37:24.012Z - info: [2:37:24 PM] Reload for file change: C:\repos\nus-tic2002-2019\tic2002-website\schedule\index.md
2019-07-18T06:37:24.647Z - info: Rebuilding affected source files
2019-07-18T06:37:24.729Z - info: Rebuilding 215 pages
2019-07-18T06:37:43.982Z - info: Assets built
2019-07-18T06:38:23.828Z - info: Pages rebuilt
2019-07-18T06:38:23.850Z - info: Site data built
2019-07-18T06:40:51.116Z - info: [2:40:51 PM] Reload for file change: C:\repos\nus-tic2002-2019\tic2002-website\admin\appendixE-gitHub.md
2019-07-18T06:40:51.123Z - info: [2:40:51 PM] Reload for file change: C:\repos\nus-tic2002-2019\tic2002-website\admin\peerEvaluations.md
2019-07-18T06:40:51.131Z - info: [2:40:51 PM] Reload for file change: C:\repos\nus-tic2002-2019\tic2002-website\admin\appendixD-help.md
2019-07-18T06:40:51.134Z - info: [2:40:51 PM] Reload for file change: C:\repos\nus-tic2002-2019\tic2002-website\admin\policies.fr
2019-07-18T06:40:51.138Z - info: [2:40:51 PM] Reload for file change: C:\repos\nus-tic2002-2019\tic2002-website\admin\project-assessment.md
2019-07-18T06:40:51.149Z - info: [2:40:51 PM] Reload for file change: C:\repos\nus-tic2002-2019\tic2002-website\admin\project-deliverables.md
2019-07-18T06:40:51.150Z - info: [2:40:51 PM] Reload for file change: C:\repos\nus-tic2002-2019\tic2002-website\admin\project-w03-inception.md
2019-07-18T06:40:51.154Z - info: [2:40:51 PM] Reload for file change: C:\repos\nus-tic2002-2019\tic2002-website\admin\project-w04-mid-v10.md
2019-07-18T06:40:51.162Z - info: [2:40:51 PM] Reload for file change: C:\repos\nus-tic2002-2019\tic2002-website\admin\project-w05-v10.md
2019-07-18T06:40:51.167Z - info: [2:40:51 PM] Reload for file change: C:\repos\nus-tic2002-2019\tic2002-website\admin\project-w06-mid-v11.md
2019-07-18T06:40:51.173Z - info: [2:40:51 PM] Reload for file change: C:\repos\nus-tic2002-2019\tic2002-website\admin\project-w07-v11.md
2019-07-18T06:40:51.182Z - info: [2:40:51 PM] Reload for file change: C:\repos\nus-tic2002-2019\tic2002-website\admin\project-w09-v12.md
2019-07-18T06:40:51.201Z - info: [2:40:51 PM] Reload for file change: C:\repos\nus-tic2002-2019\tic2002-website\admin\project-w12-mid-v14.md
2019-07-18T06:40:51.203Z - info: [2:40:51 PM] Reload for file change: C:\repos\nus-tic2002-2019\tic2002-website\common\admin.njk
2019-07-18T06:40:51.208Z - info: [2:40:51 PM] Reload for file change: C:\repos\nus-tic2002-2019\tic2002-website\common\macros.njk
2019-07-18T06:40:51.211Z - info: [2:40:51 PM] Reload for file deletion: C:\repos\nus-tic2002-2019\tic2002-website\admin\project-w11-v13.md
2019-07-18T06:40:51.218Z - info: [2:40:51 PM] Reload for file add: C:\repos\nus-tic2002-2019\tic2002-website\admin\project-w11-v13.md
2019-07-18T06:40:51.221Z - info: [2:40:51 PM] Reload for file change: C:\repos\nus-tic2002-2019\tic2002-website\common\topics.njk
2019-07-18T06:40:52.118Z - info: Rebuilding affected source files
2019-07-18T06:40:52.124Z - info: Rebuilding 42 pages
2019-07-18T06:40:55.077Z - warn: Rebuilding all source files
2019-07-18T06:40:58.510Z - info: Assets built
2019-07-18T06:40:58.688Z - info: Assets removed
2019-07-18T06:40:58.721Z - info: Generating pages...
2019-07-18T06:42:13.372Z - warn:  TypeError: Cannot read property 'parent' of null
    at Function.exports.update (C:\Users\dcsdcr\AppData\Roaming\npm\node_modules\markbind-cli\node_modules\cheerio\lib\parse.js:55:26)
    at module.exports (C:\Users\dcsdcr\AppData\Roaming\npm\node_modules\markbind-cli\node_modules\cheerio\lib\parse.js:17:11)
    at Function.exports.load (C:\Users\dcsdcr\AppData\Roaming\npm\node_modules\markbind-cli\node_modules\cheerio\lib\static.js:22:14)
    at Page.collectHeadingsAndKeywordsInContent (C:\Users\dcsdcr\AppData\Roaming\npm\node_modules\markbind-cli\src\Page.js:348:19)
    at Object.$.not.each.each (C:\Users\dcsdcr\AppData\Roaming\npm\node_modules\markbind-cli\src\Page.js:392:16)
    at initialize.exports.each (C:\Users\dcsdcr\AppData\Roaming\npm\node_modules\markbind-cli\node_modules\cheerio\lib\api\traversing.js:300:24)
    at Page.collectHeadingsAndKeywordsInContent (C:\Users\dcsdcr\AppData\Roaming\npm\node_modules\markbind-cli\src\Page.js:358:6)
    at Page.collectHeadingsAndKeywords (C:\Users\dcsdcr\AppData\Roaming\npm\node_modules\markbind-cli\src\Page.js:339:8)
    at pages.forEach (C:\Users\dcsdcr\AppData\Roaming\npm\node_modules\markbind-cli\src\Site.js:1043:12)
    at Array.forEach (<anonymous>)
    at Site.updateSiteData (C:\Users\dcsdcr\AppData\Roaming\npm\node_modules\markbind-cli\src\Site.js:1041:14)
    at Promise.all.then (C:\Users\dcsdcr\AppData\Roaming\npm\node_modules\markbind-cli\src\Site.js:1025:24)
    at tryCatcher (C:\Users\dcsdcr\AppData\Roaming\npm\node_modules\markbind-cli\node_modules\bluebird\js\release\util.js:16:23)
    at Promise._settlePromiseFromHandler (C:\Users\dcsdcr\AppData\Roaming\npm\node_modules\markbind-cli\node_modules\bluebird\js\release\promise.js:517:31)
    at Promise._settlePromise (C:\Users\dcsdcr\AppData\Roaming\npm\node_modules\markbind-cli\node_modules\bluebird\js\release\promise.js:574:18)
    at Promise._settlePromise0 (C:\Users\dcsdcr\AppData\Roaming\npm\node_modules\markbind-cli\node_modules\bluebird\js\release\promise.js:619:10)
2019-07-18T06:42:21.648Z - info: Pages built
2019-07-18T06:42:21.918Z - error: Cannot read property 'parent' of null
2019-07-18T06:42:21.918Z - error: Cannot read property 'parent' of null
2019-07-18T06:42:21.918Z - error: Cannot read property 'parent' of null
2019-07-18T06:42:21.918Z - error: Cannot read property 'parent' of null
2019-07-18T06:42:21.918Z - error: Cannot read property 'parent' of null
2019-07-18T06:42:21.918Z - error: Cannot read property 'parent' of null
2019-07-18T06:42:21.918Z - error: Cannot read property 'parent' of null
2019-07-18T06:42:21.918Z - error: Cannot read property 'parent' of null
2019-07-18T06:42:21.918Z - error: Cannot read property 'parent' of null
2019-07-18T06:42:21.918Z - error: Cannot read property 'parent' of null
2019-07-18T06:42:21.918Z - error: Cannot read property 'parent' of null
2019-07-18T06:42:21.918Z - error: Cannot read property 'parent' of null
2019-07-18T09:12:45.716Z - info: Website generation started at 5:12:45 PM
2019-07-18T09:12:46.965Z - info: Building assets...
2019-07-18T09:12:48.129Z - info: Assets built
2019-07-18T09:12:48.129Z - info: Generating pages...
2019-07-18T09:13:49.766Z - info: Pages built
2019-07-18T09:14:05.640Z - info: Website generation complete! Total build time: 79.932s
2019-07-18T09:14:05.996Z - info: Serving "C:\repos\nus-tic2002-2019\tic2002-website\_site" at http://127.0.0.1:8080
2019-07-18T09:14:05.996Z - info: Press CTRL+C to stop ...
2019-07-18T09:14:06.028Z - info: Site data built
