2019-08-13T06:13:39.165Z - info: Website generation started at 2:13:37 PM
2019-08-13T06:13:40.664Z - info: Building assets...
2019-08-13T06:13:42.142Z - info: Assets built
2019-08-13T06:13:42.143Z - info: Generating pages...
2019-08-13T06:14:40.620Z - info: Pages built
2019-08-13T06:14:52.174Z - info: Website generation complete! Total build time: 74.346s
2019-08-13T06:14:52.512Z - info: Serving "C:\repos\nus-tic2002-2019\tic2002-website\_site" at http://127.0.0.1:8080
2019-08-13T06:14:52.512Z - info: Press CTRL+C to stop ...
2019-08-13T06:14:52.536Z - info: Site data built
2019-08-13T06:15:13.673Z - info: [2:15:13 PM] Reload for file change: C:\repos\nus-tic2002-2019\tic2002-website\book\cppToJava\dataTypes\arrays\q-compareNames.md
2019-08-13T06:15:14.675Z - info: Rebuilding affected source files
2019-08-13T06:15:14.678Z - info: Rebuilding 5 pages
2019-08-13T06:15:18.966Z - info: Pages rebuilt
2019-08-13T06:15:18.980Z - info: Site data built
2019-08-13T06:15:22.105Z - info: [2:15:22 PM] Reload for file change: C:\repos\nus-tic2002-2019\tic2002-website\book\cppToJava\dataTypes\arrays\q-compareNames.md
2019-08-13T06:15:23.107Z - info: Rebuilding affected source files
2019-08-13T06:15:23.108Z - info: Rebuilding 5 pages
2019-08-13T06:15:27.482Z - info: Pages rebuilt
2019-08-13T06:15:27.494Z - info: Site data built
2019-08-13T06:19:59.612Z - info: [2:19:59 PM] Reload for file change: C:\repos\nus-tic2002-2019\tic2002-website\book\cppToJava\controlFlow\branching\q-gradeHelper.md
2019-08-13T06:20:00.613Z - info: Rebuilding affected source files
2019-08-13T06:20:00.615Z - info: Rebuilding 7 pages
2019-08-13T06:20:05.682Z - info: Pages rebuilt
2019-08-13T06:20:05.692Z - info: Site data built
2019-08-13T06:29:22.538Z - info: Website generation started at 2:29:21 PM
2019-08-13T06:29:24.010Z - info: Building assets...
2019-08-13T06:29:25.276Z - info: Assets built
2019-08-13T06:29:25.276Z - info: Generating pages...
2019-08-13T06:30:23.752Z - info: Pages built
2019-08-13T06:30:35.884Z - info: Website generation complete! Total build time: 74.558s
2019-08-13T06:30:35.884Z - info: Build success!
2019-08-13T06:30:35.897Z - info: Site data built
2019-08-13T06:31:17.865Z - info: Deployed!
