2019-10-08T05:21:21.689Z - info: Website generation started at 1:21:20 PM
2019-10-08T05:21:23.198Z - info: Building assets...
2019-10-08T05:21:24.646Z - info: Assets built
2019-10-08T05:21:24.646Z - info: Generating pages...
2019-10-08T05:22:25.032Z - info: Pages built
2019-10-08T05:22:37.962Z - info: Website generation complete! Total build time: 77.475s
2019-10-08T05:22:38.309Z - info: Serving "C:\repos\nus-tic2002-2019\tic2002-website\_site" at http://127.0.0.1:8080
2019-10-08T05:22:38.309Z - info: Press CTRL+C to stop ...
2019-10-08T05:22:38.345Z - info: Site data built
2019-10-08T05:22:47.140Z - info: [1:22:47 PM] Reload for file change: C:\repos\nus-tic2002-2019\tic2002-website\schedule\index.md
2019-10-08T05:22:48.141Z - info: Rebuilding affected source files
2019-10-08T05:22:48.142Z - info: Rebuilding 2 pages
2019-10-08T05:22:48.448Z - info: Pages rebuilt
2019-10-08T05:22:48.459Z - info: Site data built
2019-10-08T05:32:43.190Z - info: [1:32:43 PM] Reload for file change: C:\repos\nus-tic2002-2019\tic2002-website\schedule\week10\admin-tic2002.md
2019-10-08T05:32:43.194Z - info: [1:32:43 PM] Reload for file change: C:\repos\nus-tic2002-2019\tic2002-website\schedule\week8\admin-tic2002.md
2019-10-08T05:32:43.198Z - info: [1:32:43 PM] Reload for file change: C:\repos\nus-tic2002-2019\tic2002-website\schedule\week9\admin-tic2002.md
2019-10-08T05:32:44.191Z - info: Rebuilding affected source files
2019-10-08T05:32:44.193Z - info: Rebuilding 9 pages
2019-10-08T05:32:46.854Z - info: Pages rebuilt
2019-10-08T05:32:46.867Z - info: Site data built
2019-10-08T05:38:19.951Z - info: [1:38:19 PM] Reload for file change: C:\repos\nus-tic2002-2019\tic2002-website\schedule\week10\admin-tic2002.md
2019-10-08T05:38:19.954Z - info: [1:38:19 PM] Reload for file change: C:\repos\nus-tic2002-2019\tic2002-website\schedule\week8\admin-tic2002.md
2019-10-08T05:38:19.958Z - info: [1:38:19 PM] Reload for file change: C:\repos\nus-tic2002-2019\tic2002-website\schedule\week9\admin-tic2002.md
2019-10-08T05:38:20.951Z - info: Rebuilding affected source files
2019-10-08T05:38:20.954Z - info: Rebuilding 9 pages
2019-10-08T05:38:23.566Z - info: Pages rebuilt
2019-10-08T05:38:23.580Z - info: Site data built
2019-10-08T05:39:57.391Z - info: [1:39:57 PM] Reload for file change: C:\repos\nus-tic2002-2019\tic2002-website\schedule\week10\admin-tic2002.md
2019-10-08T05:39:58.393Z - info: Rebuilding affected source files
2019-10-08T05:39:58.394Z - info: Rebuilding 3 pages
2019-10-08T05:40:00.376Z - info: Pages rebuilt
2019-10-08T05:40:00.390Z - info: Site data built
2019-10-08T05:41:43.722Z - info: [1:41:43 PM] Reload for file change: C:\repos\nus-tic2002-2019\tic2002-website\schedule\week10\admin-tic2002.md
2019-10-08T05:41:44.724Z - info: Rebuilding affected source files
2019-10-08T05:41:44.725Z - info: Rebuilding 3 pages
2019-10-08T05:41:46.745Z - info: Pages rebuilt
2019-10-08T05:41:46.758Z - info: Site data built
2019-10-08T05:45:50.304Z - info: [1:45:50 PM] Reload for file change: C:\repos\nus-tic2002-2019\tic2002-website\schedule\index.md
2019-10-08T05:45:51.306Z - info: Rebuilding affected source files
2019-10-08T05:45:51.307Z - info: Rebuilding 2 pages
2019-10-08T05:45:51.805Z - info: Pages rebuilt
2019-10-08T05:45:51.815Z - info: Site data built
2019-10-08T05:46:18.004Z - info: Website generation started at 1:46:16 PM
2019-10-08T05:46:19.508Z - info: Building assets...
2019-10-08T05:46:20.944Z - info: Assets built
2019-10-08T05:46:20.944Z - info: Generating pages...
2019-10-08T05:47:28.624Z - info: Pages built
2019-10-08T05:47:41.156Z - info: Website generation complete! Total build time: 84.335s
2019-10-08T05:47:41.489Z - info: Serving "C:\repos\nus-tic2002-2019\tic2002-website\_site" at http://127.0.0.1:8080
2019-10-08T05:47:41.489Z - info: Press CTRL+C to stop ...
2019-10-08T05:47:41.523Z - info: Site data built
2019-10-08T06:04:20.662Z - info: [2:04:20 PM] Reload for file change: C:\repos\nus-tic2002-2019\tic2002-website\schedule\index.md
2019-10-08T06:04:21.665Z - info: Rebuilding affected source files
2019-10-08T06:04:21.667Z - info: Rebuilding 2 pages
2019-10-08T06:04:22.274Z - info: Pages rebuilt
2019-10-08T06:04:22.286Z - info: Site data built
2019-10-08T06:33:42.216Z - info: Website generation started at 2:33:40 PM
2019-10-08T06:33:43.736Z - info: Building assets...
