2019-08-18T12:11:12.443Z - info: Website generation started at 8:11:08 PM
2019-08-18T12:11:14.599Z - info: Building assets...
2019-08-18T12:11:16.819Z - info: Assets built
2019-08-18T12:11:16.820Z - info: Generating pages...
2019-08-18T12:12:22.719Z - info: Pages built
2019-08-18T12:12:35.948Z - info: Website generation complete! Total build time: 87.353s
2019-08-18T12:12:36.300Z - info: Serving "C:\repos\nus-tic2002-2019\tic2002-website\_site" at http://127.0.0.1:8080
2019-08-18T12:12:36.300Z - info: Press CTRL+C to stop ...
2019-08-18T12:12:36.325Z - info: Site data built
2019-08-18T12:21:31.638Z - info: [8:21:31 PM] Reload for file change: C:\repos\nus-tic2002-2019\tic2002-website\schedule\week2\admin-tic2002.md
2019-08-18T12:21:32.658Z - info: Rebuilding affected source files
2019-08-18T12:21:32.660Z - info: Rebuilding 5 pages
2019-08-18T12:21:35.158Z - info: Pages rebuilt
2019-08-18T12:21:35.170Z - info: Site data built
2019-08-18T12:22:37.523Z - info: [8:22:37 PM] Reload for file change: C:\repos\nus-tic2002-2019\tic2002-website\schedule\week2\admin-tic2002.md
2019-08-18T12:22:38.530Z - info: Rebuilding affected source files
2019-08-18T12:22:38.532Z - info: Rebuilding 5 pages
2019-08-18T12:22:41.081Z - info: Pages rebuilt
2019-08-18T12:22:41.092Z - info: Site data built
2019-08-18T12:25:38.961Z - info: Website generation started at 8:25:34 PM
2019-08-18T12:25:41.108Z - info: Building assets...
2019-08-18T12:25:43.160Z - info: Assets built
2019-08-18T12:25:43.161Z - info: Generating pages...
2019-08-18T12:26:50.779Z - info: Pages built
2019-08-18T12:27:03.508Z - info: Website generation complete! Total build time: 88.705s
2019-08-18T12:27:03.508Z - info: Build success!
2019-08-18T12:27:03.521Z - info: Site data built
2019-08-18T12:27:51.638Z - info: Deployed!
