2019-09-10T05:30:50.017Z - info: Website generation started at 1:30:45 PM
2019-09-10T05:30:52.388Z - info: Building assets...
2019-09-10T05:30:54.858Z - info: Assets built
2019-09-10T05:30:54.858Z - info: Generating pages...
2019-09-10T05:32:01.334Z - info: Pages built
2019-09-10T05:32:14.120Z - info: Website generation complete! Total build time: 88.191s
2019-09-10T05:32:14.120Z - info: Build success!
2019-09-10T05:32:14.134Z - info: Site data built
2019-09-10T05:33:01.926Z - info: Deployed!
2019-09-10T08:24:14.167Z - info: Website generation started at 4:24:10 PM
2019-09-10T08:24:16.793Z - info: Building assets...
2019-09-10T08:24:19.340Z - info: Assets built
2019-09-10T08:24:19.340Z - info: Generating pages...
2019-09-10T08:25:25.677Z - info: Pages built
2019-09-10T08:25:39.075Z - info: Website generation complete! Total build time: 89.011s
2019-09-10T08:25:39.075Z - info: Build success!
2019-09-10T08:25:39.106Z - info: Site data built
2019-09-10T08:26:24.296Z - info: Deployed!
2019-09-10T08:40:14.764Z - info: Website generation started at 4:40:10 PM
2019-09-10T08:40:17.196Z - info: Building assets...
2019-09-10T08:40:19.385Z - info: Assets built
2019-09-10T08:40:19.385Z - info: Generating pages...
2019-09-10T08:41:22.474Z - info: Pages built
2019-09-10T08:41:34.336Z - info: Website generation complete! Total build time: 83.406s
2019-09-10T08:41:34.673Z - info: Serving "C:\repos\nus-tic2002-2019\tic2002-website\_site" at http://127.0.0.1:8080
2019-09-10T08:41:34.673Z - info: Press CTRL+C to stop ...
2019-09-10T08:41:34.702Z - info: Site data built
2019-09-10T09:13:52.210Z - info: Website generation started at 5:13:48 PM
2019-09-10T09:13:54.322Z - info: Building assets...
2019-09-10T09:13:56.694Z - info: Assets built
2019-09-10T09:13:56.695Z - info: Generating pages...
2019-09-10T09:15:03.911Z - info: Pages built
2019-09-10T09:15:16.781Z - info: Website generation complete! Total build time: 88.283s
2019-09-10T09:15:16.781Z - info: Build success!
2019-09-10T09:15:16.794Z - info: Site data built
2019-09-10T09:16:03.621Z - info: Deployed!
