2019-08-20T06:20:34.590Z - info: Website generation started at 2:20:31 PM
2019-08-20T06:20:36.568Z - info: Building assets...
2019-08-20T06:20:38.432Z - info: Assets built
2019-08-20T06:20:38.433Z - info: Generating pages...
2019-08-20T06:21:38.511Z - info: Pages built
2019-08-20T06:21:50.603Z - info: Website generation complete! Total build time: 79.443s
2019-08-20T06:21:50.941Z - info: Serving "C:\repos\nus-tic2002-2019\tic2002-website\_site" at http://127.0.0.1:8080
2019-08-20T06:21:50.941Z - info: Press CTRL+C to stop ...
2019-08-20T06:21:50.983Z - info: Site data built
2019-08-20T06:27:41.324Z - info: [2:27:41 PM] Reload for file change: C:\repos\nus-tic2002-2019\tic2002-website\book\cppToJava\classes\definingClasses\q-defineCircleClass.md
2019-08-20T06:27:42.327Z - info: Rebuilding affected source files
2019-08-20T06:27:42.331Z - info: Rebuilding 5 pages
2019-08-20T06:27:48.698Z - info: Pages rebuilt
2019-08-20T06:27:48.713Z - info: Site data built
2019-08-20T06:30:30.788Z - info: [2:30:30 PM] Reload for file change: C:\repos\nus-tic2002-2019\tic2002-website\book\cppToJava\classes\gettersAndSetters\text.md
2019-08-20T06:30:31.788Z - info: Rebuilding affected source files
2019-08-20T06:30:31.791Z - info: Rebuilding 10 pages
2019-08-20T06:30:40.139Z - info: Pages rebuilt
2019-08-20T06:30:40.153Z - info: Site data built
2019-08-20T06:35:23.398Z - info: [2:35:23 PM] Reload for file change: C:\repos\nus-tic2002-2019\tic2002-website\book\gitAndGithub\push\text.md
2019-08-20T06:35:23.405Z - info: [2:35:23 PM] Reload for file change: C:\repos\nus-tic2002-2019\tic2002-website\book\gitAndGithub\tag\sourcetree.md
2019-08-20T06:35:24.400Z - info: Rebuilding affected source files
2019-08-20T06:35:24.403Z - info: Rebuilding 10 pages
2019-08-20T06:35:32.620Z - info: Pages rebuilt
2019-08-20T06:35:32.637Z - info: Site data built
2019-08-20T06:36:12.123Z - info: [2:36:12 PM] Reload for file add: C:\repos\nus-tic2002-2019\tic2002-website\book\gitAndGithub\push\images\pushTags.png
2019-08-20T06:36:12.218Z - info: [2:36:12 PM] Reload for file deletion: C:\repos\nus-tic2002-2019\tic2002-website\book\gitAndGithub\tag\images\pushTags.png
2019-08-20T06:36:13.130Z - info: Assets built
2019-08-20T06:36:13.220Z - info: Assets removed
2019-08-20T06:44:30.394Z - info: [2:44:30 PM] Reload for file change: C:\repos\nus-tic2002-2019\tic2002-website\book\cppToJava\usefulClasses\stringClass\q-printPriceMethod.md
2019-08-20T06:44:31.396Z - info: Rebuilding affected source files
2019-08-20T06:44:31.398Z - info: Rebuilding 5 pages
2019-08-20T06:44:36.700Z - info: Pages rebuilt
2019-08-20T06:44:36.712Z - info: Site data built
2019-08-20T06:45:26.104Z - info: [2:45:26 PM] Reload for file change: C:\repos\nus-tic2002-2019\tic2002-website\book\cppToJava\usefulClasses\wrapperClasses\q-printTotalScoreMethod.md
2019-08-20T06:45:27.107Z - info: Rebuilding affected source files
2019-08-20T06:45:27.108Z - info: Rebuilding 5 pages
2019-08-20T06:45:32.607Z - info: Pages rebuilt
2019-08-20T06:45:32.624Z - info: Site data built
2019-08-20T06:45:54.190Z - info: [2:45:54 PM] Reload for file change: C:\repos\nus-tic2002-2019\tic2002-website\book\cppToJava\usefulClasses\arraysClass\q-filterEmailsMethod.md
2019-08-20T06:45:55.192Z - info: Rebuilding affected source files
2019-08-20T06:45:55.194Z - info: Rebuilding 5 pages
2019-08-20T06:46:00.626Z - info: Pages rebuilt
2019-08-20T06:46:00.643Z - info: Site data built
2019-08-20T06:46:36.021Z - info: [2:46:36 PM] Reload for file change: C:\repos\nus-tic2002-2019\tic2002-website\book\cppToJava\usefulClasses\scannerClass\q-findTotalExpenditure.md
2019-08-20T06:46:37.024Z - info: Rebuilding affected source files
2019-08-20T06:46:37.026Z - info: Rebuilding 5 pages
2019-08-20T06:46:42.285Z - info: Pages rebuilt
2019-08-20T06:46:42.297Z - info: Site data built
2019-08-20T06:51:20.919Z - info: Website generation started at 2:51:17 PM
2019-08-20T06:51:22.868Z - info: Building assets...
