2019-10-22T06:01:38.811Z - info: Website generation started at 2:01:34 PM
2019-10-22T06:01:41.607Z - info: Building assets...
2019-10-22T06:01:44.133Z - info: Assets built
2019-10-22T06:01:44.134Z - info: Generating pages...
2019-10-22T06:02:57.652Z - info: Pages built
2019-10-22T06:03:11.394Z - info: Website generation complete! Total build time: 96.563s
2019-10-22T06:03:11.755Z - info: Serving "C:\repos\nus-tic2002-2019\tic2002-website\_site" at http://127.0.0.1:8080
2019-10-22T06:03:11.755Z - info: Press CTRL+C to stop ...
2019-10-22T06:03:11.782Z - info: Site data built
2019-10-22T06:03:41.384Z - info: [2:03:41 PM] Reload for file change: C:\repos\nus-tic2002-2019\tic2002-website\schedule\week10\admin-tic2002.md
2019-10-22T06:03:42.388Z - info: Rebuilding affected source files
2019-10-22T06:03:42.389Z - info: Rebuilding 5 pages
2019-10-22T06:03:44.997Z - info: Pages rebuilt
2019-10-22T06:03:45.013Z - info: Site data built
2019-10-22T06:04:19.648Z - info: [2:04:19 PM] Reload for file change: C:\repos\nus-tic2002-2019\tic2002-website\schedule\week10\admin-tic2002.md
2019-10-22T06:04:20.650Z - info: Rebuilding affected source files
2019-10-22T06:04:20.651Z - info: Rebuilding 5 pages
2019-10-22T06:04:23.329Z - info: Pages rebuilt
2019-10-22T06:04:23.348Z - info: Site data built
2019-10-22T06:05:11.284Z - info: [2:05:11 PM] Reload for file change: C:\repos\nus-tic2002-2019\tic2002-website\schedule\week10\admin-tic2002.md
2019-10-22T06:05:12.287Z - info: Rebuilding affected source files
2019-10-22T06:05:12.289Z - info: Rebuilding 5 pages
2019-10-22T06:05:15.018Z - info: Pages rebuilt
2019-10-22T06:05:15.034Z - info: Site data built
2019-10-22T06:05:26.580Z - info: [2:05:26 PM] Reload for file change: C:\repos\nus-tic2002-2019\tic2002-website\schedule\week10\admin-tic2002.md
2019-10-22T06:05:27.582Z - info: Rebuilding affected source files
2019-10-22T06:05:27.584Z - info: Rebuilding 5 pages
2019-10-22T06:05:30.254Z - info: Pages rebuilt
2019-10-22T06:05:30.270Z - info: Site data built
2019-10-22T06:06:32.150Z - info: [2:06:32 PM] Reload for file change: C:\repos\nus-tic2002-2019\tic2002-website\schedule\week10\admin-tic2002.md
2019-10-22T06:06:33.151Z - info: Rebuilding affected source files
2019-10-22T06:06:33.153Z - info: Rebuilding 5 pages
2019-10-22T06:06:35.813Z - info: Pages rebuilt
2019-10-22T06:06:35.829Z - info: Site data built
2019-10-22T06:09:34.788Z - info: [2:09:34 PM] Reload for file change: C:\repos\nus-tic2002-2019\tic2002-website\schedule\week10\admin-tic2002.md
2019-10-22T06:09:35.790Z - info: Rebuilding affected source files
2019-10-22T06:09:35.792Z - info: Rebuilding 5 pages
2019-10-22T06:09:38.542Z - info: Pages rebuilt
2019-10-22T06:09:38.562Z - info: Site data built
2019-10-22T06:10:22.982Z - info: [2:10:22 PM] Reload for file change: C:\repos\nus-tic2002-2019\tic2002-website\schedule\week10\admin-tic2002.md
2019-10-22T06:10:23.984Z - info: Rebuilding affected source files
2019-10-22T06:10:23.986Z - info: Rebuilding 5 pages
2019-10-22T06:10:26.557Z - info: Pages rebuilt
2019-10-22T06:10:26.572Z - info: Site data built
2019-10-22T06:10:59.888Z - info: [2:10:59 PM] Reload for file change: C:\repos\nus-tic2002-2019\tic2002-website\schedule\week10\admin-tic2002.md
2019-10-22T06:11:00.889Z - info: Rebuilding affected source files
2019-10-22T06:11:00.892Z - info: Rebuilding 5 pages
2019-10-22T06:11:03.459Z - info: Pages rebuilt
2019-10-22T06:11:03.474Z - info: Site data built
2019-10-22T06:14:48.625Z - info: [2:14:48 PM] Reload for file change: C:\repos\nus-tic2002-2019\tic2002-website\schedule\week10\admin-tic2002.md
2019-10-22T06:14:49.626Z - info: Rebuilding affected source files
2019-10-22T06:14:49.628Z - info: Rebuilding 5 pages
2019-10-22T06:14:52.293Z - info: Pages rebuilt
2019-10-22T06:14:52.306Z - info: Site data built
2019-10-22T06:15:02.236Z - info: [2:15:02 PM] Reload for file change: C:\repos\nus-tic2002-2019\tic2002-website\schedule\week10\admin-tic2002.md
2019-10-22T06:15:03.237Z - info: Rebuilding affected source files
2019-10-22T06:15:03.239Z - info: Rebuilding 5 pages
2019-10-22T06:15:05.783Z - info: Pages rebuilt
2019-10-22T06:15:05.799Z - info: Site data built
2019-10-22T06:18:08.025Z - info: [2:18:08 PM] Reload for file change: C:\repos\nus-tic2002-2019\tic2002-website\schedule\week10\admin-tic2002.md
2019-10-22T06:18:09.026Z - info: Rebuilding affected source files
2019-10-22T06:18:09.027Z - info: Rebuilding 5 pages
2019-10-22T06:18:11.537Z - info: Pages rebuilt
2019-10-22T06:18:11.552Z - info: Site data built
2019-10-22T06:18:43.201Z - info: [2:18:43 PM] Reload for file change: C:\repos\nus-tic2002-2019\tic2002-website\schedule\week10\admin-tic2002.md
2019-10-22T06:18:44.201Z - info: Rebuilding affected source files
2019-10-22T06:18:44.202Z - info: Rebuilding 5 pages
2019-10-22T06:18:46.787Z - info: Pages rebuilt
2019-10-22T06:18:46.802Z - info: Site data built
2019-10-22T06:19:13.650Z - info: [2:19:13 PM] Reload for file change: C:\repos\nus-tic2002-2019\tic2002-website\schedule\week10\admin-tic2002.md
2019-10-22T06:19:14.652Z - info: Rebuilding affected source files
2019-10-22T06:19:14.654Z - info: Rebuilding 5 pages
2019-10-22T06:19:17.345Z - info: Pages rebuilt
2019-10-22T06:19:17.361Z - info: Site data built
2019-10-22T06:19:44.128Z - info: [2:19:44 PM] Reload for file change: C:\repos\nus-tic2002-2019\tic2002-website\schedule\week10\admin-tic2002.md
2019-10-22T06:19:45.130Z - info: Rebuilding affected source files
2019-10-22T06:19:45.131Z - info: Rebuilding 5 pages
2019-10-22T06:19:47.712Z - info: Pages rebuilt
2019-10-22T06:19:47.726Z - info: Site data built
2019-10-22T06:21:27.201Z - info: [2:21:27 PM] Reload for file change: C:\repos\nus-tic2002-2019\tic2002-website\schedule\week10\admin-tic2002.md
2019-10-22T06:21:28.204Z - info: Rebuilding affected source files
2019-10-22T06:21:28.205Z - info: Rebuilding 5 pages
2019-10-22T06:21:30.910Z - info: Pages rebuilt
2019-10-22T06:21:30.927Z - info: Site data built
2019-10-22T06:22:49.371Z - info: [2:22:49 PM] Reload for file change: C:\repos\nus-tic2002-2019\tic2002-website\schedule\week10\admin-tic2002.md
2019-10-22T06:22:50.373Z - info: Rebuilding affected source files
2019-10-22T06:22:50.375Z - info: Rebuilding 5 pages
2019-10-22T06:22:53.036Z - info: Pages rebuilt
2019-10-22T06:22:53.051Z - info: Site data built
2019-10-22T06:23:18.312Z - info: [2:23:18 PM] Reload for file change: C:\repos\nus-tic2002-2019\tic2002-website\schedule\week10\admin-tic2002.md
2019-10-22T06:23:19.313Z - info: Rebuilding affected source files
2019-10-22T06:23:19.315Z - info: Rebuilding 5 pages
2019-10-22T06:23:21.996Z - info: Pages rebuilt
2019-10-22T06:23:22.014Z - info: Site data built
2019-10-22T06:25:34.850Z - info: [2:25:34 PM] Reload for file change: C:\repos\nus-tic2002-2019\tic2002-website\schedule\week10\admin-tic2002.md
2019-10-22T06:25:35.853Z - info: Rebuilding affected source files
2019-10-22T06:25:35.855Z - info: Rebuilding 5 pages
2019-10-22T06:25:38.430Z - info: Pages rebuilt
2019-10-22T06:25:38.447Z - info: Site data built
2019-10-22T06:26:31.137Z - info: [2:26:31 PM] Reload for file change: C:\repos\nus-tic2002-2019\tic2002-website\schedule\week10\admin-tic2002.md
2019-10-22T06:26:32.140Z - info: Rebuilding affected source files
2019-10-22T06:26:32.141Z - info: Rebuilding 5 pages
2019-10-22T06:26:34.726Z - info: Pages rebuilt
2019-10-22T06:26:34.741Z - info: Site data built
2019-10-22T06:27:14.935Z - info: [2:27:14 PM] Reload for file change: C:\repos\nus-tic2002-2019\tic2002-website\schedule\week10\admin-tic2002.md
2019-10-22T06:27:15.935Z - info: Rebuilding affected source files
2019-10-22T06:27:15.937Z - info: Rebuilding 5 pages
2019-10-22T06:27:18.979Z - info: Pages rebuilt
2019-10-22T06:27:18.995Z - info: Site data built
2019-10-22T06:27:36.002Z - info: [2:27:36 PM] Reload for file change: C:\repos\nus-tic2002-2019\tic2002-website\schedule\week10\admin-tic2002.md
2019-10-22T06:27:37.005Z - info: Rebuilding affected source files
2019-10-22T06:27:37.007Z - info: Rebuilding 5 pages
2019-10-22T06:27:39.656Z - info: Pages rebuilt
2019-10-22T06:27:39.677Z - info: Site data built
2019-10-22T06:28:03.278Z - info: [2:28:03 PM] Reload for file change: C:\repos\nus-tic2002-2019\tic2002-website\schedule\week10\admin-tic2002.md
2019-10-22T06:28:04.282Z - info: Rebuilding affected source files
2019-10-22T06:28:04.283Z - info: Rebuilding 5 pages
2019-10-22T06:28:06.763Z - info: Pages rebuilt
2019-10-22T06:28:06.783Z - info: Site data built
2019-10-22T06:28:40.768Z - info: [2:28:40 PM] Reload for file change: C:\repos\nus-tic2002-2019\tic2002-website\schedule\week10\admin-tic2002.md
2019-10-22T06:28:41.769Z - info: Rebuilding affected source files
2019-10-22T06:28:41.770Z - info: Rebuilding 5 pages
2019-10-22T06:28:44.457Z - info: Pages rebuilt
2019-10-22T06:28:44.470Z - info: Site data built
2019-10-22T06:29:45.559Z - info: [2:29:45 PM] Reload for file change: C:\repos\nus-tic2002-2019\tic2002-website\schedule\week10\admin-tic2002.md
2019-10-22T06:29:46.562Z - info: Rebuilding affected source files
2019-10-22T06:29:46.564Z - info: Rebuilding 5 pages
2019-10-22T06:29:49.172Z - info: Pages rebuilt
2019-10-22T06:29:49.192Z - info: Site data built
2019-10-22T06:30:31.238Z - info: [2:30:31 PM] Reload for file change: C:\repos\nus-tic2002-2019\tic2002-website\schedule\week10\admin-tic2002.md
2019-10-22T06:30:32.240Z - info: Rebuilding affected source files
2019-10-22T06:30:32.242Z - info: Rebuilding 5 pages
2019-10-22T06:30:34.863Z - info: Pages rebuilt
2019-10-22T06:30:34.877Z - info: Site data built
2019-10-22T06:31:08.539Z - info: [2:31:08 PM] Reload for file change: C:\repos\nus-tic2002-2019\tic2002-website\schedule\week10\admin-tic2002.md
2019-10-22T06:31:09.540Z - info: Rebuilding affected source files
2019-10-22T06:31:09.542Z - info: Rebuilding 5 pages
2019-10-22T06:31:12.126Z - info: Pages rebuilt
2019-10-22T06:31:12.141Z - info: Site data built
2019-10-22T06:31:29.730Z - info: [2:31:29 PM] Reload for file change: C:\repos\nus-tic2002-2019\tic2002-website\schedule\week10\admin-tic2002.md
2019-10-22T06:31:30.731Z - info: Rebuilding affected source files
2019-10-22T06:31:30.733Z - info: Rebuilding 5 pages
2019-10-22T06:31:33.211Z - info: Pages rebuilt
2019-10-22T06:31:33.225Z - info: Site data built
2019-10-22T06:36:06.870Z - info: [2:36:06 PM] Reload for file change: C:\repos\nus-tic2002-2019\tic2002-website\schedule\week11\admin-tic2002.md
2019-10-22T06:36:06.875Z - info: [2:36:06 PM] Reload for file change: C:\repos\nus-tic2002-2019\tic2002-website\schedule\week10\admin-tic2002.md
2019-10-22T06:36:07.871Z - info: Rebuilding affected source files
2019-10-22T06:36:07.873Z - info: Rebuilding 7 pages
2019-10-22T06:36:11.424Z - info: Pages rebuilt
2019-10-22T06:36:11.436Z - info: Site data built
2019-10-22T06:36:53.641Z - info: [2:36:53 PM] Reload for file change: C:\repos\nus-tic2002-2019\tic2002-website\schedule\week11\admin-tic2002.md
2019-10-22T06:36:54.644Z - info: Rebuilding affected source files
2019-10-22T06:36:54.645Z - info: Rebuilding 3 pages
2019-10-22T06:36:56.694Z - info: Pages rebuilt
2019-10-22T06:36:56.710Z - info: Site data built
2019-10-22T06:37:49.550Z - info: [2:37:49 PM] Reload for file change: C:\repos\nus-tic2002-2019\tic2002-website\schedule\week11\admin-tic2002.md
2019-10-22T06:37:50.552Z - info: Rebuilding affected source files
2019-10-22T06:37:50.554Z - info: Rebuilding 3 pages
2019-10-22T06:37:52.583Z - info: Pages rebuilt
2019-10-22T06:37:52.596Z - info: Site data built
2019-10-22T06:39:24.018Z - info: [2:39:24 PM] Reload for file change: C:\repos\nus-tic2002-2019\tic2002-website\schedule\week11\admin-tic2002.md
2019-10-22T06:39:25.020Z - info: Rebuilding affected source files
2019-10-22T06:39:25.021Z - info: Rebuilding 3 pages
2019-10-22T06:39:26.937Z - info: Pages rebuilt
2019-10-22T06:39:26.950Z - info: Site data built
2019-10-22T06:40:01.883Z - info: [2:40:01 PM] Reload for file change: C:\repos\nus-tic2002-2019\tic2002-website\schedule\week11\admin-tic2002.md
2019-10-22T06:40:02.885Z - info: Rebuilding affected source files
2019-10-22T06:40:02.887Z - info: Rebuilding 3 pages
2019-10-22T06:40:04.815Z - info: Pages rebuilt
2019-10-22T06:40:04.829Z - info: Site data built
2019-10-22T06:59:12.370Z - info: Website generation started at 2:59:08 PM
2019-10-22T06:59:14.767Z - info: Building assets...
2019-10-22T06:59:17.124Z - info: Assets built
2019-10-22T06:59:17.125Z - info: Generating pages...
2019-10-22T07:00:20.903Z - info: Pages built
2019-10-22T07:00:33.373Z - info: Website generation complete! Total build time: 85.201s
2019-10-22T07:00:33.373Z - info: Build success!
2019-10-22T07:00:33.391Z - info: Site data built
2019-10-22T07:01:20.383Z - info: Deployed!
