2019-11-03T14:17:56.909Z - info: Website generation started at 22:17:45
2019-11-03T14:18:02.545Z - info: Building assets...
2019-11-03T14:18:07.943Z - info: Assets built
2019-11-03T14:18:07.943Z - info: Generating pages...
2019-11-03T14:20:41.612Z - info: Pages built
2019-11-03T14:21:10.027Z - info: Website generation complete! Total build time: 204.953s
2019-11-03T14:21:10.387Z - info: Serving "C:\repos\nus-tic2002-2019\tic2002-website\_site" at http://127.0.0.1:8080
2019-11-03T14:21:10.387Z - info: Press CTRL+C to stop ...
2019-11-03T14:21:10.415Z - info: Site data built
2019-11-03T14:26:23.567Z - info: [22:26:23] Reload for file change: C:\repos\nus-tic2002-2019\tic2002-website\admin\index-tic2002.md
2019-11-03T14:26:24.575Z - info: Rebuilding affected source files
2019-11-03T14:26:24.579Z - info: Rebuilding 8 pages
2019-11-03T14:26:27.608Z - info: Pages rebuilt
2019-11-03T14:26:27.720Z - info: Site data built
2019-11-03T14:26:47.653Z - info: [22:26:47] Reload for file change: C:\repos\nus-tic2002-2019\tic2002-website\admin\index-tic2002.md
2019-11-03T14:26:48.655Z - info: Rebuilding affected source files
2019-11-03T14:26:48.659Z - info: Rebuilding 8 pages
2019-11-03T14:26:51.215Z - info: Pages rebuilt
2019-11-03T14:26:51.227Z - info: Site data built
2019-11-03T14:28:51.555Z - info: Website generation started at 22:28:45
2019-11-03T14:28:54.323Z - info: Building assets...
2019-11-03T14:28:56.887Z - info: Assets built
2019-11-03T14:28:56.887Z - info: Generating pages...
2019-11-03T14:31:28.498Z - info: Pages built
2019-11-03T14:31:58.449Z - info: Website generation complete! Total build time: 193.218s
2019-11-03T14:31:58.465Z - info: Build success!
2019-11-03T14:31:58.493Z - info: Site data built
2019-11-03T14:32:34.731Z - info: Deployed!
